2024-06-07 13:33:15,097 DEBUG    root            Loaded Command Group: ['gcloud', 'components']
2024-06-07 13:33:15,099 DEBUG    root            Loaded Command Group: ['gcloud', 'components', 'update']
2024-06-07 13:33:15,102 DEBUG    root            Running [gcloud.components.update] with arguments: [--quiet: "True", COMPONENT-IDS:8: "['gcloud', 'core', 'bq', 'gsutil', 'compute', 'preview', 'alpha', 'beta']"]
2024-06-07 13:34:35,193 INFO     ___FILE_ONLY___ Beginning update. This process may take several minutes.

2024-06-07 13:34:35,202 DEBUG    urllib3.connectionpool Starting new HTTPS connection (1): dl.google.com:443
2024-06-07 13:34:35,273 DEBUG    urllib3.connectionpool https://dl.google.com:443 "GET /dl/cloudsdk/channels/rapid/components-2.json HTTP/1.1" 200 222658
2024-06-07 13:34:35,292 WARNING  root            Component [compute] no longer exists.
2024-06-07 13:34:35,293 WARNING  root            Component [preview] no longer exists.
2024-06-07 13:34:35,293 INFO     ___FILE_ONLY___ 

2024-06-07 13:34:35,294 INFO     ___FILE_ONLY___ 
Your current Google Cloud CLI version is: 479.0.0

2024-06-07 13:34:35,294 INFO     ___FILE_ONLY___ Installing components from version: 479.0.0

2024-06-07 13:34:35,294 INFO     ___FILE_ONLY___ 

2024-06-07 13:34:35,295 DEBUG    root            Chosen display Format:table[box,title="These components will be removed."](details.display_name:label=Name:align=left,version.version_string:label=Version:align=right,data.size.size(zero="",min=1048576):label=Size:align=right)
2024-06-07 13:34:35,295 DEBUG    root            Chosen display Format:table[box,title="These components will be updated."](details.display_name:label=Name:align=left,version.version_string:label=Version:align=right,data.size.size(zero="",min=1048576):label=Size:align=right)
2024-06-07 13:34:35,296 DEBUG    root            Chosen display Format:table[box,title="These components will be installed."](details.display_name:label=Name:align=left,version.version_string:label=Version:align=right,data.size.size(zero="",min=1048576):label=Size:align=right)
2024-06-07 13:34:35,331 INFO     ___FILE_ONLY___ ┌──────────────────────────────────────────────┐
2024-06-07 13:34:35,331 INFO     ___FILE_ONLY___ 

2024-06-07 13:34:35,331 INFO     ___FILE_ONLY___ │     These components will be installed.      │
2024-06-07 13:34:35,331 INFO     ___FILE_ONLY___ 

2024-06-07 13:34:35,331 INFO     ___FILE_ONLY___ ├───────────────────────┬────────────┬─────────┤
2024-06-07 13:34:35,331 INFO     ___FILE_ONLY___ 

2024-06-07 13:34:35,332 INFO     ___FILE_ONLY___ │          Name         │  Version   │   Size  │
2024-06-07 13:34:35,332 INFO     ___FILE_ONLY___ 

2024-06-07 13:34:35,332 INFO     ___FILE_ONLY___ ├───────────────────────┼────────────┼─────────┤
2024-06-07 13:34:35,332 INFO     ___FILE_ONLY___ 

2024-06-07 13:34:35,332 INFO     ___FILE_ONLY___ │ 
2024-06-07 13:34:35,332 INFO     ___FILE_ONLY___ gcloud Alpha Commands
2024-06-07 13:34:35,332 INFO     ___FILE_ONLY___  
2024-06-07 13:34:35,332 INFO     ___FILE_ONLY___ │ 
2024-06-07 13:34:35,332 INFO     ___FILE_ONLY___ 2024.05.31
2024-06-07 13:34:35,332 INFO     ___FILE_ONLY___  
2024-06-07 13:34:35,332 INFO     ___FILE_ONLY___ │ 
2024-06-07 13:34:35,333 INFO     ___FILE_ONLY___ < 1 MiB
2024-06-07 13:34:35,333 INFO     ___FILE_ONLY___  
2024-06-07 13:34:35,333 INFO     ___FILE_ONLY___ │
2024-06-07 13:34:35,333 INFO     ___FILE_ONLY___ 

2024-06-07 13:34:35,333 INFO     ___FILE_ONLY___ │ 
2024-06-07 13:34:35,333 INFO     ___FILE_ONLY___ gcloud Beta Commands 
2024-06-07 13:34:35,333 INFO     ___FILE_ONLY___  
2024-06-07 13:34:35,333 INFO     ___FILE_ONLY___ │ 
2024-06-07 13:34:35,333 INFO     ___FILE_ONLY___ 2024.05.31
2024-06-07 13:34:35,333 INFO     ___FILE_ONLY___  
2024-06-07 13:34:35,333 INFO     ___FILE_ONLY___ │ 
2024-06-07 13:34:35,334 INFO     ___FILE_ONLY___ < 1 MiB
2024-06-07 13:34:35,334 INFO     ___FILE_ONLY___  
2024-06-07 13:34:35,334 INFO     ___FILE_ONLY___ │
2024-06-07 13:34:35,334 INFO     ___FILE_ONLY___ 

2024-06-07 13:34:35,334 INFO     ___FILE_ONLY___ └───────────────────────┴────────────┴─────────┘
2024-06-07 13:34:35,334 INFO     ___FILE_ONLY___ 

2024-06-07 13:34:35,334 INFO     ___FILE_ONLY___ 

2024-06-07 13:34:35,338 DEBUG    urllib3.connectionpool Starting new HTTPS connection (1): dl.google.com:443
2024-06-07 13:34:35,462 DEBUG    urllib3.connectionpool https://dl.google.com:443 "GET /dl/cloudsdk/channels/rapid/RELEASE_NOTES HTTP/1.1" 200 1223555
2024-06-07 13:34:35,499 INFO     ___FILE_ONLY___ For the latest full release notes, please visit:
  https://cloud.google.com/sdk/release_notes


2024-06-07 13:34:35,501 INFO     ___FILE_ONLY___ ╔════════════════════════════════════════════════════════════╗

2024-06-07 13:34:35,501 INFO     ___FILE_ONLY___ ╠═ Creating update staging area                             ═╣

2024-06-07 13:34:35,502 INFO     ___FILE_ONLY___ ╚
2024-06-07 13:34:35,502 INFO     ___FILE_ONLY___ ══════
2024-06-07 13:34:36,101 INFO     ___FILE_ONLY___ ══════
2024-06-07 13:34:36,102 INFO     ___FILE_ONLY___ ══════
2024-06-07 13:34:36,466 INFO     ___FILE_ONLY___ ═
2024-06-07 13:34:36,527 INFO     ___FILE_ONLY___ ═
2024-06-07 13:34:36,600 INFO     ___FILE_ONLY___ ═
2024-06-07 13:34:36,662 INFO     ___FILE_ONLY___ ═
2024-06-07 13:34:36,728 INFO     ___FILE_ONLY___ ═
2024-06-07 13:34:36,787 INFO     ___FILE_ONLY___ ═
2024-06-07 13:34:36,866 INFO     ___FILE_ONLY___ ═
2024-06-07 13:34:36,910 INFO     ___FILE_ONLY___ ═
2024-06-07 13:34:36,981 INFO     ___FILE_ONLY___ ═
2024-06-07 13:34:37,031 INFO     ___FILE_ONLY___ ═
2024-06-07 13:34:37,077 INFO     ___FILE_ONLY___ ═
2024-06-07 13:34:37,128 INFO     ___FILE_ONLY___ ═
2024-06-07 13:34:37,195 INFO     ___FILE_ONLY___ ═
2024-06-07 13:34:37,261 INFO     ___FILE_ONLY___ ═
2024-06-07 13:34:37,321 INFO     ___FILE_ONLY___ ═
2024-06-07 13:34:37,377 INFO     ___FILE_ONLY___ ═
2024-06-07 13:34:37,433 INFO     ___FILE_ONLY___ ═
2024-06-07 13:34:37,490 INFO     ___FILE_ONLY___ ═
2024-06-07 13:34:37,542 INFO     ___FILE_ONLY___ ═
2024-06-07 13:34:37,595 INFO     ___FILE_ONLY___ ═
2024-06-07 13:34:37,665 INFO     ___FILE_ONLY___ ═
2024-06-07 13:34:37,744 INFO     ___FILE_ONLY___ ═
2024-06-07 13:34:37,802 INFO     ___FILE_ONLY___ ═
2024-06-07 13:34:37,876 INFO     ___FILE_ONLY___ ═
2024-06-07 13:34:37,963 INFO     ___FILE_ONLY___ ═
2024-06-07 13:34:38,034 INFO     ___FILE_ONLY___ ═
2024-06-07 13:34:38,166 INFO     ___FILE_ONLY___ ═
2024-06-07 13:34:38,235 INFO     ___FILE_ONLY___ ═
2024-06-07 13:34:38,287 INFO     ___FILE_ONLY___ ═
2024-06-07 13:34:38,327 INFO     ___FILE_ONLY___ ═
2024-06-07 13:34:38,365 INFO     ___FILE_ONLY___ ═
2024-06-07 13:34:38,406 INFO     ___FILE_ONLY___ ═
2024-06-07 13:34:38,454 INFO     ___FILE_ONLY___ ═
2024-06-07 13:34:38,495 INFO     ___FILE_ONLY___ ═
2024-06-07 13:34:38,571 INFO     ___FILE_ONLY___ ═
2024-06-07 13:34:38,717 INFO     ___FILE_ONLY___ ═
2024-06-07 13:34:38,948 INFO     ___FILE_ONLY___ ═
2024-06-07 13:34:39,003 INFO     ___FILE_ONLY___ ═
2024-06-07 13:34:39,064 INFO     ___FILE_ONLY___ ═
2024-06-07 13:34:39,117 INFO     ___FILE_ONLY___ ═
2024-06-07 13:34:39,178 INFO     ___FILE_ONLY___ ═
2024-06-07 13:34:39,234 INFO     ___FILE_ONLY___ ═
2024-06-07 13:34:39,234 INFO     ___FILE_ONLY___ ╝

2024-06-07 13:34:42,050 INFO     ___FILE_ONLY___ ╔════════════════════════════════════════════════════════════╗

2024-06-07 13:34:42,050 INFO     ___FILE_ONLY___ ╠═ Installing: gcloud Alpha Commands                        ═╣

2024-06-07 13:34:42,050 INFO     ___FILE_ONLY___ ╚
2024-06-07 13:34:42,054 DEBUG    urllib3.connectionpool Starting new HTTPS connection (1): dl.google.com:443
2024-06-07 13:34:42,177 DEBUG    urllib3.connectionpool https://dl.google.com:443 "GET /dl/cloudsdk/channels/rapid/components/google-cloud-sdk-alpha-20240531143005.tar.gz HTTP/1.1" 200 800
2024-06-07 13:34:42,178 INFO     ___FILE_ONLY___ ══════════════════════════════
2024-06-07 13:34:42,179 INFO     ___FILE_ONLY___ ══════════════════════════════
2024-06-07 13:34:42,179 INFO     ___FILE_ONLY___ ╝

2024-06-07 13:34:42,187 INFO     ___FILE_ONLY___ ╔════════════════════════════════════════════════════════════╗

2024-06-07 13:34:42,187 INFO     ___FILE_ONLY___ ╠═ Installing: gcloud Beta Commands                         ═╣

2024-06-07 13:34:42,187 INFO     ___FILE_ONLY___ ╚
2024-06-07 13:34:42,191 DEBUG    urllib3.connectionpool Starting new HTTPS connection (1): dl.google.com:443
2024-06-07 13:34:42,306 DEBUG    urllib3.connectionpool https://dl.google.com:443 "GET /dl/cloudsdk/channels/rapid/components/google-cloud-sdk-beta-20240531143005.tar.gz HTTP/1.1" 200 797
2024-06-07 13:34:42,307 INFO     ___FILE_ONLY___ ══════════════════════════════
2024-06-07 13:34:42,308 INFO     ___FILE_ONLY___ ══════════════════════════════
2024-06-07 13:34:42,308 INFO     ___FILE_ONLY___ ╝

2024-06-07 13:34:42,316 INFO     ___FILE_ONLY___ ╔════════════════════════════════════════════════════════════╗

2024-06-07 13:34:42,316 INFO     ___FILE_ONLY___ ╠═ Creating backup and activating new installation          ═╣

2024-06-07 13:34:42,316 INFO     ___FILE_ONLY___ ╚
2024-06-07 13:34:42,316 DEBUG    root            Attempting to move directory [/tools/google-cloud-sdk] to [/tools/google-cloud-sdk.staging/.install/.backup]
2024-06-07 13:34:42,316 INFO     ___FILE_ONLY___ ══════════════════════════════
2024-06-07 13:34:42,316 DEBUG    root            Attempting to move directory [/tools/google-cloud-sdk.staging] to [/tools/google-cloud-sdk]
2024-06-07 13:34:42,317 INFO     ___FILE_ONLY___ ══════════════════════════════
2024-06-07 13:34:42,317 INFO     ___FILE_ONLY___ ╝

2024-06-07 13:34:42,320 DEBUG    root            Updating notification cache...
2024-06-07 13:34:42,321 INFO     ___FILE_ONLY___ 

2024-06-07 13:34:42,323 INFO     ___FILE_ONLY___ Performing post processing steps...
2024-06-07 13:34:42,323 DEBUG    root            Executing command: ['/tools/google-cloud-sdk/bin/gcloud', 'components', 'post-process']
2024-06-07 13:38:52,788 DEBUG    ___FILE_ONLY___ 
2024-06-07 13:38:52,789 DEBUG    ___FILE_ONLY___ 
2024-06-07 13:38:52,955 INFO     ___FILE_ONLY___ 
Update done!


2024-06-07 13:38:52,958 DEBUG    root            Chosen display Format:none
2024-06-07 13:38:52,959 INFO     root            Display format: "none"
